#
# There is insufficient memory for the Java Runtime Environment to continue.
# Native memory allocation (mmap) failed to map 25165824 bytes for G1 virtual space
# Possible reasons:
#   The system is out of physical RAM or swap space
#   The process is running with CompressedOops enabled, and the Java Heap may be blocking the growth of the native heap
# Possible solutions:
#   Reduce memory load on the system
#   Increase physical memory or swap space
#   Check if swap backing store is full
#   Decrease Java heap size (-Xmx/-Xms)
#   Decrease number of Java threads
#   Decrease Java thread stack sizes (-Xss)
#   Set larger code cache with -XX:ReservedCodeCacheSize=
#   JVM is running with Zero Based Compressed Oops mode in which the Java heap is
#     placed in the first 32GB address space. The Java Heap base address is the
#     maximum limit for the native heap growth. Please use -XX:HeapBaseMinAddress
#     to set the Java Heap base and to place the Java Heap above 32GB virtual address.
# This output file may be truncated or incomplete.
#
#  Out of Memory Error (os_windows.cpp:3769), pid=2972, tid=9872
#
# JRE version: OpenJDK Runtime Environment (17.0.6) (build 17.0.6+0-b2043.56-10027231)
# Java VM: OpenJDK 64-Bit Server VM (17.0.6+0-b2043.56-10027231, mixed mode, tiered, compressed oops, compressed class ptrs, g1 gc, windows-amd64)
# No core dump will be written. Minidumps are not enabled by default on client versions of Windows
#

---------------  S U M M A R Y ------------

Command Line: --add-opens=java.base/java.util=ALL-UNNAMED --add-opens=java.base/java.lang=ALL-UNNAMED --add-opens=java.base/java.lang.invoke=ALL-UNNAMED --add-opens=java.base/java.util=ALL-UNNAMED --add-opens=java.prefs/java.util.prefs=ALL-UNNAMED --add-opens=java.prefs/java.util.prefs=ALL-UNNAMED --add-opens=java.base/java.nio.charset=ALL-UNNAMED --add-opens=java.base/java.net=ALL-UNNAMED --add-opens=java.base/java.util.concurrent.atomic=ALL-UNNAMED -Xmx4096m -Dfile.encoding=windows-1252 -Duser.country=US -Duser.language=en -Duser.variant org.gradle.launcher.daemon.bootstrap.GradleDaemon 7.5

Host: Intel(R) Core(TM) i5-6300U CPU @ 2.40GHz, 4 cores, 15G,  Windows 11 , 64 bit Build 22621 (10.0.22621.3958)
Time: Thu Sep 12 16:26:50 2024 Egypt Daylight Time elapsed time: 54.829949 seconds (0d 0h 0m 54s)

---------------  T H R E A D  ---------------

Current thread (0x000001d7bce5e910):  VMThread "VM Thread" [stack: 0x000000bc2ee00000,0x000000bc2ef00000] [id=9872]

Stack: [0x000000bc2ee00000,0x000000bc2ef00000]
Native frames: (J=compiled Java code, j=interpreted, Vv=VM code, C=native code)
V  [jvm.dll+0x683c9a]
V  [jvm.dll+0x8427a4]
V  [jvm.dll+0x843f9e]
V  [jvm.dll+0x844603]
V  [jvm.dll+0x249b75]
V  [jvm.dll+0x680b69]
V  [jvm.dll+0x67505a]
V  [jvm.dll+0x309acb]
V  [jvm.dll+0x310f86]
V  [jvm.dll+0x3608ee]
V  [jvm.dll+0x360b1f]
V  [jvm.dll+0x2dfbf8]
V  [jvm.dll+0x2e2ce6]
V  [jvm.dll+0x2ed478]
V  [jvm.dll+0x322150]
V  [jvm.dll+0x848ccb]
V  [jvm.dll+0x849a04]
V  [jvm.dll+0x849f1d]
V  [jvm.dll+0x84a2f4]
V  [jvm.dll+0x84a3c0]
V  [jvm.dll+0x7f274a]
V  [jvm.dll+0x682ad5]
C  [ucrtbase.dll+0x29333]
C  [KERNEL32.DLL+0x1257d]
C  [ntdll.dll+0x5af28]

VM_Operation (0x000000bc2eaffa00): G1Concurrent, mode: safepoint, requested by thread 0x000001d79ecf2390


---------------  P R O C E S S  ---------------

Threads class SMR info:
_java_thread_list=0x000001d7c0419180, length=87, elements={
0x000001d79ec76350, 0x000001d7bce4bd50, 0x000001d7bce38930, 0x000001d7bd83c150,
0x000001d7bd83ca10, 0x000001d7bd83da70, 0x000001d7bd83e330, 0x000001d7bd8406d0,
0x000001d7bd8a1cb0, 0x000001d7bd8b0090, 0x000001d7bda2fee0, 0x000001d7bda307b0,
0x000001d7bf17d8b0, 0x000001d7bde51410, 0x000001d7beb77200, 0x000001d7bebd0840,
0x000001d7beb5f400, 0x000001d7be6d9210, 0x000001d7be6d96e0, 0x000001d7be6d9bb0,
0x000001d7be6da550, 0x000001d7be6d7060, 0x000001d7be6d83a0, 0x000001d7be6d8d40,
0x000001d7be6da080, 0x000001d7be6d7ed0, 0x000001d7be6daa20, 0x000001d7be6d7530,
0x000001d7be6d7a00, 0x000001d7be6d8870, 0x000001d7c1e42820, 0x000001d7c1e48860,
0x000001d7c1e496d0, 0x000001d7c1e43b60, 0x000001d7c1e49ba0, 0x000001d7c1e42cf0,
0x000001d7c1e44030, 0x000001d7c1e44500, 0x000001d7c1e4a070, 0x000001d7c1e431c0,
0x000001d7c1e44ea0, 0x000001d7c1e48390, 0x000001d7c1e45370, 0x000001d7c1e48d30,
0x000001d7c1e45840, 0x000001d7c1e49200, 0x000001d7c1e45d10, 0x000001d7c1e466b0,
0x000001d7c1e46b80, 0x000001d7c1e47050, 0x000001d7c0375700, 0x000001d7c0378720,
0x000001d7c0373ef0, 0x000001d7c0378bf0, 0x000001d7c0375230, 0x000001d7c03790c0,
0x000001d7c03743c0, 0x000001d7c0374890, 0x000001d7c0379f30, 0x000001d7c0373550,
0x000001d7c0376f10, 0x000001d7c0379590, 0x000001d7c037a400, 0x000001d7c0379a60,
0x000001d7c0375bd0, 0x000001d7c03760a0, 0x000001d7c0376570, 0x000001d7c0374d60,
0x000001d7c0376a40, 0x000001d7c03773e0, 0x000001d7c03778b0, 0x000001d7c0377d80,
0x000001d7c0378250, 0x000001d7c037a8d0, 0x000001d7c0373080, 0x000001d7be499c70,
0x000001d7be49b480, 0x000001d7be49b950, 0x000001d7be494f70, 0x000001d7be49afb0,
0x000001d7be4962b0, 0x000001d7be49be20, 0x000001d7be497120, 0x000001d7be4997a0,
0x000001d7be4975f0, 0x000001d7be4945d0, 0x000001d7be4992d0
}

Java Threads: ( => current thread )
  0x000001d79ec76350 JavaThread "main" [_thread_blocked, id=9484, stack(0x000000bc2e800000,0x000000bc2e900000)]
  0x000001d7bce4bd50 JavaThread "Reference Handler" daemon [_thread_blocked, id=3036, stack(0x000000bc2ef00000,0x000000bc2f000000)]
  0x000001d7bce38930 JavaThread "Finalizer" daemon [_thread_blocked, id=13844, stack(0x000000bc2f000000,0x000000bc2f100000)]
  0x000001d7bd83c150 JavaThread "Signal Dispatcher" daemon [_thread_blocked, id=11464, stack(0x000000bc2f100000,0x000000bc2f200000)]
  0x000001d7bd83ca10 JavaThread "Attach Listener" daemon [_thread_blocked, id=7100, stack(0x000000bc2f200000,0x000000bc2f300000)]
  0x000001d7bd83da70 JavaThread "Service Thread" daemon [_thread_blocked, id=1084, stack(0x000000bc2f300000,0x000000bc2f400000)]
  0x000001d7bd83e330 JavaThread "Monitor Deflation Thread" daemon [_thread_blocked, id=12204, stack(0x000000bc2f400000,0x000000bc2f500000)]
  0x000001d7bd8406d0 JavaThread "C2 CompilerThread0" daemon [_thread_blocked, id=7208, stack(0x000000bc2f500000,0x000000bc2f600000)]
  0x000001d7bd8a1cb0 JavaThread "C1 CompilerThread0" daemon [_thread_blocked, id=14096, stack(0x000000bc2f600000,0x000000bc2f700000)]
  0x000001d7bd8b0090 JavaThread "Sweeper thread" daemon [_thread_blocked, id=412, stack(0x000000bc2f700000,0x000000bc2f800000)]
  0x000001d7bda2fee0 JavaThread "Common-Cleaner" daemon [_thread_blocked, id=6536, stack(0x000000bc2f800000,0x000000bc2f900000)]
  0x000001d7bda307b0 JavaThread "Notification Thread" daemon [_thread_blocked, id=14248, stack(0x000000bc2f900000,0x000000bc2fa00000)]
  0x000001d7bf17d8b0 JavaThread "Daemon health stats" [_thread_blocked, id=13124, stack(0x000000bc2fe00000,0x000000bc2ff00000)]
  0x000001d7bde51410 JavaThread "Incoming local TCP Connector on port 52509" [_thread_in_native, id=12384, stack(0x000000bc2ff00000,0x000000bc30000000)]
  0x000001d7beb77200 JavaThread "Daemon periodic checks" [_thread_blocked, id=8356, stack(0x000000bc30000000,0x000000bc30100000)]
  0x000001d7bebd0840 JavaThread "Daemon" [_thread_blocked, id=11820, stack(0x000000bc30100000,0x000000bc30200000)]
  0x000001d7beb5f400 JavaThread "Handler for socket connection from /127.0.0.1:52509 to /127.0.0.1:52510" [_thread_in_native, id=5936, stack(0x000000bc30200000,0x000000bc30300000)]
  0x000001d7be6d9210 JavaThread "Cancel handler" [_thread_blocked, id=14324, stack(0x000000bc30300000,0x000000bc30400000)]
  0x000001d7be6d96e0 JavaThread "Daemon worker" [_thread_blocked, id=13636, stack(0x000000bc30400000,0x000000bc30500000)]
  0x000001d7be6d9bb0 JavaThread "Asynchronous log dispatcher for DefaultDaemonConnection: socket connection from /127.0.0.1:52509 to /127.0.0.1:52510" [_thread_blocked, id=12028, stack(0x000000bc30500000,0x000000bc30600000)]
  0x000001d7be6da550 JavaThread "Stdin handler" [_thread_blocked, id=13804, stack(0x000000bc30600000,0x000000bc30700000)]
  0x000001d7be6d7060 JavaThread "Daemon client event forwarder" [_thread_blocked, id=13036, stack(0x000000bc30700000,0x000000bc30800000)]
  0x000001d7be6d83a0 JavaThread "Cache worker for journal cache (C:\Users\Youssef\.gradle\caches\journal-1)" [_thread_blocked, id=8448, stack(0x000000bc30800000,0x000000bc30900000)]
  0x000001d7be6d8d40 JavaThread "File lock request listener" [_thread_in_native, id=10352, stack(0x000000bc30900000,0x000000bc30a00000)]
  0x000001d7be6da080 JavaThread "Cache worker for file hash cache (C:\Users\Youssef\.gradle\caches\7.5\fileHashes)" [_thread_blocked, id=13452, stack(0x000000bc30a00000,0x000000bc30b00000)]
  0x000001d7be6d7ed0 JavaThread "File watcher server" daemon [_thread_in_native, id=2600, stack(0x000000bc30c00000,0x000000bc30d00000)]
  0x000001d7be6daa20 JavaThread "File watcher consumer" daemon [_thread_blocked, id=1040, stack(0x000000bc30d00000,0x000000bc30e00000)]
  0x000001d7be6d7530 JavaThread "Cache worker for checksums cache (D:\Flutter projects\transporter\android\.gradle\7.5\checksums)" [_thread_blocked, id=2628, stack(0x000000bc30e00000,0x000000bc30f00000)]
  0x000001d7be6d7a00 JavaThread "Cache worker for cache directory md-rule (C:\Users\Youssef\.gradle\caches\7.5\md-rule)" [_thread_blocked, id=9316, stack(0x000000bc30f00000,0x000000bc31000000)]
  0x000001d7be6d8870 JavaThread "Cache worker for file content cache (C:\Users\Youssef\.gradle\caches\7.5\fileContent)" [_thread_blocked, id=13232, stack(0x000000bc31000000,0x000000bc31100000)]
  0x000001d7c1e42820 JavaThread "Cache worker for file hash cache (D:\Flutter projects\transporter\android\.gradle\7.5\fileHashes)" [_thread_blocked, id=9640, stack(0x000000bc31100000,0x000000bc31200000)]
  0x000001d7c1e48860 JavaThread "Cache worker for cache directory md-supplier (C:\Users\Youssef\.gradle\caches\7.5\md-supplier)" [_thread_blocked, id=6232, stack(0x000000bc31200000,0x000000bc31300000)]
  0x000001d7c1e496d0 JavaThread "Cache worker for execution history cache (C:\Users\Youssef\.gradle\caches\7.5\executionHistory)" [_thread_blocked, id=1280, stack(0x000000bc31300000,0x000000bc31400000)]
  0x000001d7c1e43b60 JavaThread "jar transforms" [_thread_blocked, id=1492, stack(0x000000bc31400000,0x000000bc31500000)]
  0x000001d7c1e49ba0 JavaThread "Cache worker for kotlin-dsl (C:\Users\Youssef\.gradle\caches\7.5\kotlin-dsl)" [_thread_blocked, id=9392, stack(0x000000bc31500000,0x000000bc31600000)]
  0x000001d7c1e42cf0 JavaThread "jar transforms Thread 2" [_thread_blocked, id=3840, stack(0x000000bc31600000,0x000000bc31700000)]
  0x000001d7c1e44030 JavaThread "Cache worker for dependencies-accessors (D:\Flutter projects\transporter\android\.gradle\7.5\dependencies-accessors)" [_thread_blocked, id=6272, stack(0x000000bc31700000,0x000000bc31800000)]
  0x000001d7c1e44500 JavaThread "Cache worker for Build Output Cleanup Cache (D:\programing\flutter\packages\flutter_tools\gradle\.gradle\buildOutputCleanup)" [_thread_blocked, id=12152, stack(0x000000bc31800000,0x000000bc31900000)]
  0x000001d7c1e4a070 JavaThread "jar transforms Thread 3" [_thread_blocked, id=440, stack(0x000000bc31900000,0x000000bc31a00000)]
  0x000001d7c1e431c0 JavaThread "Memory manager" [_thread_blocked, id=13792, stack(0x000000bc31a00000,0x000000bc31b00000)]
  0x000001d7c1e44ea0 JavaThread "jar transforms Thread 4" [_thread_blocked, id=7392, stack(0x000000bc31b00000,0x000000bc31c00000)]
  0x000001d7c1e48390 JavaThread "included builds" [_thread_blocked, id=12276, stack(0x000000bc31c00000,0x000000bc31d00000)]
  0x000001d7c1e45370 JavaThread "Execution worker" [_thread_blocked, id=11112, stack(0x000000bc31d00000,0x000000bc31e00000)]
  0x000001d7c1e48d30 JavaThread "Execution worker Thread 2" [_thread_blocked, id=10856, stack(0x000000bc31e00000,0x000000bc31f00000)]
  0x000001d7c1e45840 JavaThread "Execution worker Thread 3" [_thread_blocked, id=6768, stack(0x000000bc31f00000,0x000000bc32000000)]
  0x000001d7c1e49200 JavaThread "Cache worker for execution history cache (D:\programing\flutter\packages\flutter_tools\gradle\.gradle\7.5\executionHistory)" [_thread_blocked, id=14004, stack(0x000000bc32000000,0x000000bc32100000)]
  0x000001d7c1e45d10 JavaThread "Unconstrained build operations" [_thread_blocked, id=6492, stack(0x000000bc32100000,0x000000bc32200000)]
  0x000001d7c1e466b0 JavaThread "Unconstrained build operations Thread 2" [_thread_blocked, id=11940, stack(0x000000bc32200000,0x000000bc32300000)]
  0x000001d7c1e46b80 JavaThread "Unconstrained build operations Thread 3" [_thread_blocked, id=9000, stack(0x000000bc32300000,0x000000bc32400000)]
  0x000001d7c1e47050 JavaThread "Unconstrained build operations Thread 4" [_thread_blocked, id=13144, stack(0x000000bc32400000,0x000000bc32500000)]
  0x000001d7c0375700 JavaThread "Unconstrained build operations Thread 5" [_thread_blocked, id=12096, stack(0x000000bc32500000,0x000000bc32600000)]
  0x000001d7c0378720 JavaThread "Unconstrained build operations Thread 6" [_thread_blocked, id=13044, stack(0x000000bc32600000,0x000000bc32700000)]
  0x000001d7c0373ef0 JavaThread "Unconstrained build operations Thread 7" [_thread_blocked, id=10324, stack(0x000000bc32700000,0x000000bc32800000)]
  0x000001d7c0378bf0 JavaThread "Unconstrained build operations Thread 8" [_thread_blocked, id=12604, stack(0x000000bc32800000,0x000000bc32900000)]
  0x000001d7c0375230 JavaThread "Unconstrained build operations Thread 9" [_thread_blocked, id=12920, stack(0x000000bc32900000,0x000000bc32a00000)]
  0x000001d7c03790c0 JavaThread "Unconstrained build operations Thread 10" [_thread_blocked, id=7296, stack(0x000000bc32a00000,0x000000bc32b00000)]
  0x000001d7c03743c0 JavaThread "Unconstrained build operations Thread 11" [_thread_blocked, id=8896, stack(0x000000bc32b00000,0x000000bc32c00000)]
  0x000001d7c0374890 JavaThread "Unconstrained build operations Thread 12" [_thread_blocked, id=4672, stack(0x000000bc32c00000,0x000000bc32d00000)]
  0x000001d7c0379f30 JavaThread "Unconstrained build operations Thread 13" [_thread_blocked, id=10612, stack(0x000000bc32d00000,0x000000bc32e00000)]
  0x000001d7c0373550 JavaThread "Unconstrained build operations Thread 14" [_thread_blocked, id=12020, stack(0x000000bc32e00000,0x000000bc32f00000)]
  0x000001d7c0376f10 JavaThread "Unconstrained build operations Thread 15" [_thread_blocked, id=2548, stack(0x000000bc32f00000,0x000000bc33000000)]
  0x000001d7c0379590 JavaThread "Unconstrained build operations Thread 16" [_thread_blocked, id=5552, stack(0x000000bc33000000,0x000000bc33100000)]
  0x000001d7c037a400 JavaThread "Unconstrained build operations Thread 17" [_thread_blocked, id=1748, stack(0x000000bc33100000,0x000000bc33200000)]
  0x000001d7c0379a60 JavaThread "Unconstrained build operations Thread 18" [_thread_blocked, id=9536, stack(0x000000bc33200000,0x000000bc33300000)]
  0x000001d7c0375bd0 JavaThread "Unconstrained build operations Thread 19" [_thread_blocked, id=4824, stack(0x000000bc33300000,0x000000bc33400000)]
  0x000001d7c03760a0 JavaThread "Unconstrained build operations Thread 20" [_thread_blocked, id=12280, stack(0x000000bc33400000,0x000000bc33500000)]
  0x000001d7c0376570 JavaThread "Unconstrained build operations Thread 21" [_thread_blocked, id=13276, stack(0x000000bc33500000,0x000000bc33600000)]
  0x000001d7c0374d60 JavaThread "Unconstrained build operations Thread 22" [_thread_blocked, id=8868, stack(0x000000bc33600000,0x000000bc33700000)]
  0x000001d7c0376a40 JavaThread "Unconstrained build operations Thread 23" [_thread_blocked, id=7480, stack(0x000000bc33700000,0x000000bc33800000)]
  0x000001d7c03773e0 JavaThread "Unconstrained build operations Thread 24" [_thread_blocked, id=6756, stack(0x000000bc33800000,0x000000bc33900000)]
  0x000001d7c03778b0 JavaThread "Unconstrained build operations Thread 25" [_thread_blocked, id=13588, stack(0x000000bc33900000,0x000000bc33a00000)]
  0x000001d7c0377d80 JavaThread "Unconstrained build operations Thread 26" [_thread_blocked, id=14140, stack(0x000000bc33a00000,0x000000bc33b00000)]
  0x000001d7c0378250 JavaThread "Unconstrained build operations Thread 27" [_thread_blocked, id=2508, stack(0x000000bc33b00000,0x000000bc33c00000)]
  0x000001d7c037a8d0 JavaThread "Unconstrained build operations Thread 28" [_thread_blocked, id=7800, stack(0x000000bc33c00000,0x000000bc33d00000)]
  0x000001d7c0373080 JavaThread "Unconstrained build operations Thread 29" [_thread_blocked, id=2684, stack(0x000000bc33d00000,0x000000bc33e00000)]
  0x000001d7be499c70 JavaThread "Unconstrained build operations Thread 30" [_thread_blocked, id=12764, stack(0x000000bc33e00000,0x000000bc33f00000)]
  0x000001d7be49b480 JavaThread "Unconstrained build operations Thread 31" [_thread_blocked, id=9256, stack(0x000000bc33f00000,0x000000bc34000000)]
  0x000001d7be49b950 JavaThread "Unconstrained build operations Thread 32" [_thread_blocked, id=9848, stack(0x000000bc34000000,0x000000bc34100000)]
  0x000001d7be494f70 JavaThread "Unconstrained build operations Thread 33" [_thread_blocked, id=6608, stack(0x000000bc34100000,0x000000bc34200000)]
  0x000001d7be49afb0 JavaThread "Unconstrained build operations Thread 34" [_thread_blocked, id=4216, stack(0x000000bc34200000,0x000000bc34300000)]
  0x000001d7be4962b0 JavaThread "Unconstrained build operations Thread 35" [_thread_blocked, id=11768, stack(0x000000bc34300000,0x000000bc34400000)]
  0x000001d7be49be20 JavaThread "Unconstrained build operations Thread 36" [_thread_blocked, id=1508, stack(0x000000bc34400000,0x000000bc34500000)]
  0x000001d7be497120 JavaThread "Unconstrained build operations Thread 37" [_thread_blocked, id=11064, stack(0x000000bc34500000,0x000000bc34600000)]
  0x000001d7be4997a0 JavaThread "Unconstrained build operations Thread 38" [_thread_blocked, id=8768, stack(0x000000bc34600000,0x000000bc34700000)]
  0x000001d7be4975f0 JavaThread "Unconstrained build operations Thread 39" [_thread_blocked, id=13668, stack(0x000000bc34700000,0x000000bc34800000)]
  0x000001d7be4945d0 JavaThread "Unconstrained build operations Thread 40" [_thread_blocked, id=12904, stack(0x000000bc34800000,0x000000bc34900000)]
  0x000001d7be4992d0 JavaThread "Cache worker for Build Output Cleanup Cache (D:\Flutter projects\transporter\android\.gradle\buildOutputCleanup)" [_thread_blocked, id=12396, stack(0x000000bc34900000,0x000000bc34a00000)]

Other Threads:
=>0x000001d7bce5e910 VMThread "VM Thread" [stack: 0x000000bc2ee00000,0x000000bc2ef00000] [id=9872]
  0x000001d7bda46e90 WatcherThread [stack: 0x000000bc2fa00000,0x000000bc2fb00000] [id=6720]
  0x000001d79ece16a0 GCTaskThread "GC Thread#0" [stack: 0x000000bc2e900000,0x000000bc2ea00000] [id=712]
  0x000001d7bdc60820 GCTaskThread "GC Thread#1" [stack: 0x000000bc2fb00000,0x000000bc2fc00000] [id=9480]
  0x000001d7bdc60ad0 GCTaskThread "GC Thread#2" [stack: 0x000000bc2fc00000,0x000000bc2fd00000] [id=11460]
  0x000001d7bdbfe040 GCTaskThread "GC Thread#3" [stack: 0x000000bc2fd00000,0x000000bc2fe00000] [id=6764]
  0x000001d79ecf2390 ConcurrentGCThread "G1 Main Marker" [stack: 0x000000bc2ea00000,0x000000bc2eb00000] [id=4152]
  0x000001d79ecf2b50 ConcurrentGCThread "G1 Conc#0" [stack: 0x000000bc2eb00000,0x000000bc2ec00000] [id=1388]
  0x000001d79ed2e640 ConcurrentGCThread "G1 Refine#0" [stack: 0x000000bc2ec00000,0x000000bc2ed00000] [id=8272]
  0x000001d7c03d1040 ConcurrentGCThread "G1 Refine#1" [stack: 0x000000bc30b00000,0x000000bc30c00000] [id=900]
  0x000001d7bcceacb0 ConcurrentGCThread "G1 Service" [stack: 0x000000bc2ed00000,0x000000bc2ee00000] [id=12104]

Threads with active compile tasks:
C2 CompilerThread0    54893 11904       4       org.gradle.internal.ImmutableActionSet::add (93 bytes)

VM state: at safepoint (normal execution)

VM Mutex/Monitor currently owned by a thread:  ([mutex/lock_event])
[0x000001d79ec731f0] Threads_lock - owner thread: 0x000001d7bce5e910
[0x000001d79ec738b0] Heap_lock - owner thread: 0x000001d79ecf2390

Heap address: 0x0000000700000000, size: 4096 MB, Compressed Oops mode: Zero based, Oop shift amount: 3

CDS archive(s) not mapped
Compressed class space mapped at: 0x0000000800000000-0x0000000840000000, reserved size: 1073741824
Narrow klass base: 0x0000000800000000, Narrow klass shift: 0, Narrow klass range: 0x40000000

GC Precious Log:
 CPUs: 4 total, 4 available
 Memory: 16065M
 Large Page Support: Disabled
 NUMA Support: Disabled
 Compressed Oops: Enabled (Zero based)
 Heap Region Size: 2M
 Heap Min Capacity: 8M
 Heap Initial Capacity: 252M
 Heap Max Capacity: 4G
 Pre-touch: Disabled
 Parallel Workers: 4
 Concurrent Workers: 1
 Concurrent Refinement Workers: 4
 Periodic GC: Disabled

Heap:
 garbage-first heap   total 178176K, used 117770K [0x0000000700000000, 0x0000000800000000)
  region size 2048K, 7 young (14336K), 3 survivors (6144K)
 Metaspace       used 98137K, committed 99136K, reserved 1138688K
  class space    used 13440K, committed 13888K, reserved 1048576K

Heap Regions: E=young(eden), S=young(survivor), O=old, HS=humongous(starts), HC=humongous(continues), CS=collection set, F=free, OA=open archive, CA=closed archive, TAMS=top-at-mark-start (previous, next)
|   0|0x0000000700000000, 0x0000000700200000, 0x0000000700200000|100%|HS|  |TAMS 0x0000000700200000, 0x0000000700000000| Complete 
|   1|0x0000000700200000, 0x0000000700400000, 0x0000000700400000|100%|HC|  |TAMS 0x0000000700400000, 0x0000000700200000| Complete 
|   2|0x0000000700400000, 0x0000000700600000, 0x0000000700600000|100%| O|  |TAMS 0x0000000700600000, 0x0000000700400000| Untracked 
|   3|0x0000000700600000, 0x0000000700800000, 0x0000000700800000|100%| O|  |TAMS 0x0000000700800000, 0x0000000700600000| Updating 
|   4|0x0000000700800000, 0x0000000700a00000, 0x0000000700a00000|100%| O|  |TAMS 0x0000000700a00000, 0x0000000700800000| Untracked 
|   5|0x0000000700a00000, 0x0000000700c00000, 0x0000000700c00000|100%| O|  |TAMS 0x0000000700c00000, 0x0000000700a00000| Untracked 
|   6|0x0000000700c00000, 0x0000000700e00000, 0x0000000700e00000|100%| O|  |TAMS 0x0000000700e00000, 0x0000000700c00000| Untracked 
|   7|0x0000000700e00000, 0x0000000701000000, 0x0000000701000000|100%| O|  |TAMS 0x0000000701000000, 0x0000000700e00000| Untracked 
|   8|0x0000000701000000, 0x0000000701200000, 0x0000000701200000|100%| O|  |TAMS 0x0000000701200000, 0x0000000701000000| Untracked 
|   9|0x0000000701200000, 0x0000000701400000, 0x0000000701400000|100%| O|  |TAMS 0x0000000701400000, 0x0000000701200000| Untracked 
|  10|0x0000000701400000, 0x0000000701600000, 0x0000000701600000|100%| O|  |TAMS 0x0000000701600000, 0x0000000701400000| Updating 
|  11|0x0000000701600000, 0x0000000701800000, 0x0000000701800000|100%| O|  |TAMS 0x0000000701800000, 0x0000000701600000| Untracked 
|  12|0x0000000701800000, 0x0000000701a00000, 0x0000000701a00000|100%| O|  |TAMS 0x0000000701a00000, 0x0000000701800000| Untracked 
|  13|0x0000000701a00000, 0x0000000701c00000, 0x0000000701c00000|100%| O|  |TAMS 0x0000000701c00000, 0x0000000701a00000| Untracked 
|  14|0x0000000701c00000, 0x0000000701e00000, 0x0000000701e00000|100%| O|  |TAMS 0x0000000701e00000, 0x0000000701c00000| Untracked 
|  15|0x0000000701e00000, 0x0000000702000000, 0x0000000702000000|100%| O|  |TAMS 0x0000000702000000, 0x0000000701e00000| Untracked 
|  16|0x0000000702000000, 0x0000000702200000, 0x0000000702200000|100%| O|  |TAMS 0x0000000702200000, 0x0000000702000000| Untracked 
|  17|0x0000000702200000, 0x0000000702400000, 0x0000000702400000|100%| O|  |TAMS 0x0000000702400000, 0x0000000702200000| Untracked 
|  18|0x0000000702400000, 0x0000000702600000, 0x0000000702600000|100%| O|  |TAMS 0x0000000702600000, 0x0000000702400000| Untracked 
|  19|0x0000000702600000, 0x0000000702800000, 0x0000000702800000|100%| O|  |TAMS 0x0000000702800000, 0x0000000702600000| Untracked 
|  20|0x0000000702800000, 0x0000000702a00000, 0x0000000702a00000|100%| O|  |TAMS 0x0000000702a00000, 0x0000000702800000| Updating 
|  21|0x0000000702a00000, 0x0000000702c00000, 0x0000000702c00000|100%|HS|  |TAMS 0x0000000702c00000, 0x0000000702a00000| Complete 
|  22|0x0000000702c00000, 0x0000000702e00000, 0x0000000702e00000|100%| O|  |TAMS 0x0000000702e00000, 0x0000000702c00000| Untracked 
|  23|0x0000000702e00000, 0x0000000703000000, 0x0000000703000000|100%| O|  |TAMS 0x0000000703000000, 0x0000000702e00000| Untracked 
|  24|0x0000000703000000, 0x0000000703200000, 0x0000000703200000|100%| O|  |TAMS 0x0000000703200000, 0x0000000703000000| Untracked 
|  25|0x0000000703200000, 0x0000000703400000, 0x0000000703400000|100%|HS|  |TAMS 0x0000000703400000, 0x0000000703200000| Complete 
|  26|0x0000000703400000, 0x0000000703600000, 0x0000000703600000|100%|HC|  |TAMS 0x0000000703600000, 0x0000000703400000| Complete 
|  27|0x0000000703600000, 0x0000000703800000, 0x0000000703800000|100%| O|  |TAMS 0x0000000703800000, 0x0000000703600000| Untracked 
|  28|0x0000000703800000, 0x0000000703a00000, 0x0000000703a00000|100%| O|  |TAMS 0x0000000703a00000, 0x0000000703800000| Updating 
|  29|0x0000000703a00000, 0x0000000703c00000, 0x0000000703c00000|100%| O|  |TAMS 0x0000000703c00000, 0x0000000703a00000| Untracked 
|  30|0x0000000703c00000, 0x0000000703e00000, 0x0000000703e00000|100%| O|  |TAMS 0x0000000703e00000, 0x0000000703c00000| Untracked 
|  31|0x0000000703e00000, 0x0000000704000000, 0x0000000704000000|100%| O|  |TAMS 0x0000000704000000, 0x0000000703e00000| Untracked 
|  32|0x0000000704000000, 0x0000000704200000, 0x0000000704200000|100%| O|  |TAMS 0x0000000704200000, 0x0000000704000000| Untracked 
|  33|0x0000000704200000, 0x0000000704400000, 0x0000000704400000|100%| O|  |TAMS 0x0000000704400000, 0x0000000704200000| Untracked 
|  34|0x0000000704400000, 0x0000000704600000, 0x0000000704600000|100%| O|  |TAMS 0x0000000704600000, 0x0000000704400000| Untracked 
|  35|0x0000000704600000, 0x0000000704800000, 0x0000000704800000|100%| O|  |TAMS 0x0000000704800000, 0x0000000704600000| Untracked 
|  36|0x0000000704800000, 0x0000000704a00000, 0x0000000704a00000|100%| O|  |TAMS 0x0000000704a00000, 0x0000000704800000| Untracked 
|  37|0x0000000704a00000, 0x0000000704c00000, 0x0000000704c00000|100%| O|  |TAMS 0x0000000704c00000, 0x0000000704a00000| Untracked 
|  38|0x0000000704c00000, 0x0000000704e00000, 0x0000000704e00000|100%| O|  |TAMS 0x0000000704e00000, 0x0000000704c00000| Untracked 
|  39|0x0000000704e00000, 0x0000000705000000, 0x0000000705000000|100%| O|  |TAMS 0x0000000705000000, 0x0000000704e00000| Untracked 
|  40|0x0000000705000000, 0x0000000705200000, 0x0000000705200000|100%| O|  |TAMS 0x0000000705200000, 0x0000000705000000| Untracked 
|  41|0x0000000705200000, 0x0000000705400000, 0x0000000705400000|100%| O|  |TAMS 0x0000000705400000, 0x0000000705200000| Untracked 
|  42|0x0000000705400000, 0x0000000705600000, 0x0000000705600000|100%| O|  |TAMS 0x0000000705600000, 0x0000000705400000| Untracked 
|  43|0x0000000705600000, 0x0000000705800000, 0x0000000705800000|100%| O|  |TAMS 0x0000000705800000, 0x0000000705600000| Untracked 
|  44|0x0000000705800000, 0x0000000705a00000, 0x0000000705a00000|100%| O|  |TAMS 0x0000000705a00000, 0x0000000705800000| Untracked 
|  45|0x0000000705a00000, 0x0000000705c00000, 0x0000000705c00000|100%| O|  |TAMS 0x0000000705c00000, 0x0000000705a00000| Untracked 
|  46|0x0000000705c00000, 0x0000000705e00000, 0x0000000705e00000|100%| O|  |TAMS 0x0000000705db2200, 0x0000000705c00000| Untracked 
|  47|0x0000000705e00000, 0x0000000706000000, 0x0000000706000000|100%| O|  |TAMS 0x0000000705e00000, 0x0000000705e00000| Untracked 
|  48|0x0000000706000000, 0x0000000706200000, 0x0000000706200000|100%| O|  |TAMS 0x0000000706000000, 0x0000000706000000| Untracked 
|  49|0x0000000706200000, 0x0000000706400000, 0x0000000706400000|100%| O|  |TAMS 0x0000000706200000, 0x0000000706200000| Untracked 
|  50|0x0000000706400000, 0x0000000706600000, 0x0000000706600000|100%| O|  |TAMS 0x0000000706400000, 0x0000000706400000| Untracked 
|  51|0x0000000706600000, 0x0000000706800000, 0x0000000706800000|100%| O|  |TAMS 0x0000000706600000, 0x0000000706600000| Untracked 
|  52|0x0000000706800000, 0x0000000706902800, 0x0000000706a00000| 50%| O|  |TAMS 0x0000000706800000, 0x0000000706800000| Updating 
|  53|0x0000000706a00000, 0x0000000706a00000, 0x0000000706c00000|  0%| F|  |TAMS 0x0000000706a00000, 0x0000000706a00000| Untracked 
|  54|0x0000000706c00000, 0x0000000706c00000, 0x0000000706e00000|  0%| F|  |TAMS 0x0000000706c00000, 0x0000000706c00000| Untracked 
|  55|0x0000000706e00000, 0x0000000706e00000, 0x0000000707000000|  0%| F|  |TAMS 0x0000000706e00000, 0x0000000706e00000| Untracked 
|  56|0x0000000707000000, 0x0000000707000000, 0x0000000707200000|  0%| F|  |TAMS 0x0000000707000000, 0x0000000707000000| Untracked 
|  57|0x0000000707200000, 0x0000000707200000, 0x0000000707400000|  0%| F|  |TAMS 0x0000000707200000, 0x0000000707200000| Untracked 
|  58|0x0000000707400000, 0x0000000707400000, 0x0000000707600000|  0%| F|  |TAMS 0x0000000707400000, 0x0000000707400000| Untracked 
|  59|0x0000000707600000, 0x0000000707600000, 0x0000000707800000|  0%| F|  |TAMS 0x0000000707600000, 0x0000000707600000| Untracked 
|  60|0x0000000707800000, 0x0000000707800000, 0x0000000707a00000|  0%| F|  |TAMS 0x0000000707800000, 0x0000000707800000| Untracked 
|  61|0x0000000707a00000, 0x0000000707a00000, 0x0000000707c00000|  0%| F|  |TAMS 0x0000000707a00000, 0x0000000707a00000| Untracked 
|  62|0x0000000707c00000, 0x0000000707c00000, 0x0000000707e00000|  0%| F|  |TAMS 0x0000000707c00000, 0x0000000707c00000| Untracked 
|  63|0x0000000707e00000, 0x0000000707e00000, 0x0000000708000000|  0%| F|  |TAMS 0x0000000707e00000, 0x0000000707e00000| Untracked 
|  64|0x0000000708000000, 0x0000000708200000, 0x0000000708200000|100%| S|CS|TAMS 0x0000000708000000, 0x0000000708000000| Complete 
|  65|0x0000000708200000, 0x0000000708400000, 0x0000000708400000|100%| S|CS|TAMS 0x0000000708200000, 0x0000000708200000| Complete 
|  66|0x0000000708400000, 0x0000000708600000, 0x0000000708600000|100%| S|CS|TAMS 0x0000000708400000, 0x0000000708400000| Complete 
|  67|0x0000000708600000, 0x0000000708600000, 0x0000000708800000|  0%| F|  |TAMS 0x0000000708600000, 0x0000000708600000| Untracked 
|  68|0x0000000708800000, 0x0000000708800000, 0x0000000708a00000|  0%| F|  |TAMS 0x0000000708800000, 0x0000000708800000| Untracked 
|  69|0x0000000708a00000, 0x0000000708a00000, 0x0000000708c00000|  0%| F|  |TAMS 0x0000000708a00000, 0x0000000708a00000| Untracked 
|  70|0x0000000708c00000, 0x0000000708c00000, 0x0000000708e00000|  0%| F|  |TAMS 0x0000000708c00000, 0x0000000708c00000| Untracked 
|  71|0x0000000708e00000, 0x0000000708e00000, 0x0000000709000000|  0%| F|  |TAMS 0x0000000708e00000, 0x0000000708e00000| Untracked 
|  72|0x0000000709000000, 0x0000000709000000, 0x0000000709200000|  0%| F|  |TAMS 0x0000000709000000, 0x0000000709000000| Untracked 
|  73|0x0000000709200000, 0x0000000709200000, 0x0000000709400000|  0%| F|  |TAMS 0x0000000709200000, 0x0000000709200000| Untracked 
|  74|0x0000000709400000, 0x0000000709400000, 0x0000000709600000|  0%| F|  |TAMS 0x0000000709400000, 0x0000000709400000| Untracked 
|  75|0x0000000709600000, 0x0000000709600000, 0x0000000709800000|  0%| F|  |TAMS 0x0000000709600000, 0x0000000709600000| Untracked 
|  76|0x0000000709800000, 0x0000000709800000, 0x0000000709a00000|  0%| F|  |TAMS 0x0000000709800000, 0x0000000709800000| Untracked 
|  77|0x0000000709a00000, 0x0000000709a00000, 0x0000000709c00000|  0%| F|  |TAMS 0x0000000709a00000, 0x0000000709a00000| Untracked 
|  78|0x0000000709c00000, 0x0000000709c00000, 0x0000000709e00000|  0%| F|  |TAMS 0x0000000709c00000, 0x0000000709c00000| Untracked 
|  79|0x0000000709e00000, 0x0000000709e00000, 0x000000070a000000|  0%| F|  |TAMS 0x0000000709e00000, 0x0000000709e00000| Untracked 
|  80|0x000000070a000000, 0x000000070a000000, 0x000000070a200000|  0%| F|  |TAMS 0x000000070a000000, 0x000000070a000000| Untracked 
|  93|0x000000070ba00000, 0x000000070ba00000, 0x000000070bc00000|  0%| F|  |TAMS 0x000000070ba00000, 0x000000070ba00000| Untracked 
|  94|0x000000070bc00000, 0x000000070bc00000, 0x000000070be00000|  0%| F|  |TAMS 0x000000070bc00000, 0x000000070bc00000| Untracked 
|  95|0x000000070be00000, 0x000000070becde30, 0x000000070c000000| 40%| E|  |TAMS 0x000000070be00000, 0x000000070be00000| Complete 
|  96|0x000000070c000000, 0x000000070c200000, 0x000000070c200000|100%| E|  |TAMS 0x000000070c000000, 0x000000070c000000| Complete 
|  97|0x000000070c200000, 0x000000070c400000, 0x000000070c400000|100%| E|CS|TAMS 0x000000070c200000, 0x000000070c200000| Complete 
| 125|0x000000070fa00000, 0x000000070fc00000, 0x000000070fc00000|100%| E|CS|TAMS 0x000000070fa00000, 0x000000070fa00000| Complete 

Card table byte_map: [0x000001d7b1930000,0x000001d7b2130000] _byte_map_base: 0x000001d7ae130000

Marking Bits (Prev, Next): (CMBitMap*) 0x000001d79ece1aa0, (CMBitMap*) 0x000001d79ece1a60
 Prev Bits: [0x000001d7b6930000, 0x000001d7ba930000)
 Next Bits: [0x000001d7b2930000, 0x000001d7b6930000)

Polling page: 0x000001d79e430000

Metaspace:

Usage:
  Non-class:     82.71 MB used.
      Class:     13.13 MB used.
       Both:     95.84 MB used.

Virtual space:
  Non-class space:       88.00 MB reserved,      83.25 MB ( 95%) committed,  11 nodes.
      Class space:        1.00 GB reserved,      13.56 MB (  1%) committed,  1 nodes.
             Both:        1.09 GB reserved,      96.81 MB (  9%) committed. 

Chunk freelists:
   Non-Class:  664.00 KB
       Class:  2.48 MB
        Both:  3.13 MB

MaxMetaspaceSize: unlimited
CompressedClassSpaceSize: 1.00 GB
Initial GC threshold: 21.00 MB
Current GC threshold: 158.12 MB
CDS: off
MetaspaceReclaimPolicy: balanced
 - commit_granule_bytes: 65536.
 - commit_granule_words: 8192.
 - virtual_space_node_default_size: 1048576.
 - enlarge_chunks_in_place: 1.
 - new_chunks_are_fully_committed: 0.
 - uncommit_free_chunks: 1.
 - use_allocation_guard: 0.
 - handle_deallocations: 1.


Internal statistics:

num_allocs_failed_limit: 9.
num_arena_births: 1048.
num_arena_deaths: 4.
num_vsnodes_births: 12.
num_vsnodes_deaths: 0.
num_space_committed: 1549.
num_space_uncommitted: 0.
num_chunks_returned_to_freelist: 21.
num_chunks_taken_from_freelist: 4784.
num_chunk_merges: 8.
num_chunk_splits: 3171.
num_chunks_enlarged: 2113.
num_purges: 4.
num_inconsistent_stats: 0.

CodeHeap 'non-profiled nmethods': size=120000Kb used=5185Kb max_used=5331Kb free=114814Kb
 bounds [0x000001d7a9c00000, 0x000001d7aa150000, 0x000001d7b1130000]
CodeHeap 'profiled nmethods': size=120000Kb used=19798Kb max_used=19798Kb free=100201Kb
 bounds [0x000001d7a2130000, 0x000001d7a3490000, 0x000001d7a9660000]
CodeHeap 'non-nmethods': size=5760Kb used=2454Kb max_used=2502Kb free=3305Kb
 bounds [0x000001d7a9660000, 0x000001d7a98e0000, 0x000001d7a9c00000]
 total_blobs=11275 nmethods=10328 adapters=855
 compilation: enabled
              stopped_count=0, restarted_count=0
 full_count=0

Compilation events (20 events):
Event: 54.649 Thread 0x000001d7bd8a1cb0 11987       2       org.gradle.internal.resolve.result.DefaultBuildableComponentIdResolveResult::mark (17 bytes)
Event: 54.649 Thread 0x000001d7bd8a1cb0 nmethod 11987 0x000001d7a3481f10 code [0x000001d7a34820a0, 0x000001d7a3482238]
Event: 54.650 Thread 0x000001d7bd8a1cb0 11988       2       org.gradle.api.internal.artifacts.ivyservice.resolveengine.graph.selectors.SelectorStateResolverResults::replaceExistingResolutionsWithBetterResult (100 bytes)
Event: 54.650 Thread 0x000001d7bd8a1cb0 nmethod 11988 0x000001d7a3482310 code [0x000001d7a3482520, 0x000001d7a34829e8]
Event: 54.651 Thread 0x000001d7bd8a1cb0 11989       2       org.gradle.api.internal.artifacts.ivyservice.resolveengine.graph.selectors.SelectorStateResolverResults::register (21 bytes)
Event: 54.651 Thread 0x000001d7bd8a1cb0 nmethod 11989 0x000001d7a3482e10 code [0x000001d7a3482fc0, 0x000001d7a3483228]
Event: 54.670 Thread 0x000001d7bd8a1cb0 11990       2       org.gradle.internal.component.external.model.AbstractMutableModuleComponentResolveMetadata$ImmutableVariantImpl::<init> (50 bytes)
Event: 54.671 Thread 0x000001d7bd8a1cb0 nmethod 11990 0x000001d7a3483310 code [0x000001d7a34834c0, 0x000001d7a3483898]
Event: 54.674 Thread 0x000001d7bd8a1cb0 11991       2       org.gradle.internal.component.external.model.maven.DefaultMavenModuleResolveMetadata::<init> (62 bytes)
Event: 54.675 Thread 0x000001d7bd8a1cb0 nmethod 11991 0x000001d7a3483990 code [0x000001d7a3483b60, 0x000001d7a34840e8]
Event: 54.681 Thread 0x000001d7bd8a1cb0 11993       2       org.gradle.internal.snapshot.impl.IntegerValueSnapshot::isolate (5 bytes)
Event: 54.682 Thread 0x000001d7bd8a1cb0 nmethod 11993 0x000001d7a3484210 code [0x000001d7a34843a0, 0x000001d7a34844b8]
Event: 54.694 Thread 0x000001d7bd8a1cb0 11995       2       org.gradle.internal.event.BroadcastDispatch::empty (9 bytes)
Event: 54.694 Thread 0x000001d7bd8a1cb0 nmethod 11995 0x000001d7a3484590 code [0x000001d7a3484720, 0x000001d7a34848b8]
Event: 54.698 Thread 0x000001d7bd8a1cb0 11996       2       org.gradle.internal.event.BroadcastDispatch$EmptyDispatch::<init> (7 bytes)
Event: 54.698 Thread 0x000001d7bd8a1cb0 nmethod 11996 0x000001d7a3484990 code [0x000001d7a3484b20, 0x000001d7a3484c78]
Event: 54.699 Thread 0x000001d7bd8a1cb0 11997       2       org.gradle.internal.component.model.DefaultCompatibilityCheckResult::compatible (11 bytes)
Event: 54.699 Thread 0x000001d7bd8a1cb0 nmethod 11997 0x000001d7a3484d10 code [0x000001d7a3484ea0, 0x000001d7a3484fb8]
Event: 54.767 Thread 0x000001d7bd8a1cb0 12000   !   2       org.gradle.internal.operations.DefaultBuildOperationQueue$WorkerRunnable::shutDown (45 bytes)
Event: 54.767 Thread 0x000001d7bd8a1cb0 nmethod 12000 0x000001d7a3485090 code [0x000001d7a3485280, 0x000001d7a3485598]

GC Heap History (20 events):
Event: 39.477 GC heap before
{Heap before GC invocations=33 (full 0):
 garbage-first heap   total 116736K, used 94028K [0x0000000700000000, 0x0000000800000000)
  region size 2048K, 15 young (30720K), 2 survivors (4096K)
 Metaspace       used 81920K, committed 82496K, reserved 1122304K
  class space    used 11048K, committed 11264K, reserved 1048576K
}
Event: 39.492 GC heap after
{Heap after GC invocations=34 (full 0):
 garbage-first heap   total 116736K, used 69513K [0x0000000700000000, 0x0000000800000000)
  region size 2048K, 1 young (2048K), 1 survivors (2048K)
 Metaspace       used 81920K, committed 82496K, reserved 1122304K
  class space    used 11048K, committed 11264K, reserved 1048576K
}
Event: 40.791 GC heap before
{Heap before GC invocations=35 (full 0):
 garbage-first heap   total 120832K, used 92041K [0x0000000700000000, 0x0000000800000000)
  region size 2048K, 13 young (26624K), 1 survivors (2048K)
 Metaspace       used 84032K, committed 84672K, reserved 1122304K
  class space    used 11301K, committed 11584K, reserved 1048576K
}
Event: 40.804 GC heap after
{Heap after GC invocations=36 (full 0):
 garbage-first heap   total 120832K, used 70205K [0x0000000700000000, 0x0000000800000000)
  region size 2048K, 2 young (4096K), 2 survivors (4096K)
 Metaspace       used 84032K, committed 84672K, reserved 1122304K
  class space    used 11301K, committed 11584K, reserved 1048576K
}
Event: 41.929 GC heap before
{Heap before GC invocations=36 (full 0):
 garbage-first heap   total 120832K, used 98877K [0x0000000700000000, 0x0000000800000000)
  region size 2048K, 16 young (32768K), 2 survivors (4096K)
 Metaspace       used 85602K, committed 86208K, reserved 1130496K
  class space    used 11522K, committed 11776K, reserved 1048576K
}
Event: 41.937 GC heap after
{Heap after GC invocations=37 (full 0):
 garbage-first heap   total 120832K, used 72575K [0x0000000700000000, 0x0000000800000000)
  region size 2048K, 2 young (4096K), 2 survivors (4096K)
 Metaspace       used 85602K, committed 86208K, reserved 1130496K
  class space    used 11522K, committed 11776K, reserved 1048576K
}
Event: 42.544 GC heap before
{Heap before GC invocations=38 (full 0):
 garbage-first heap   total 133120K, used 97151K [0x0000000700000000, 0x0000000800000000)
  region size 2048K, 14 young (28672K), 2 survivors (4096K)
 Metaspace       used 86004K, committed 86784K, reserved 1130496K
  class space    used 11598K, committed 11968K, reserved 1048576K
}
Event: 42.553 GC heap after
{Heap after GC invocations=39 (full 0):
 garbage-first heap   total 133120K, used 74444K [0x0000000700000000, 0x0000000800000000)
  region size 2048K, 1 young (2048K), 1 survivors (2048K)
 Metaspace       used 86004K, committed 86784K, reserved 1130496K
  class space    used 11598K, committed 11968K, reserved 1048576K
}
Event: 43.388 GC heap before
{Heap before GC invocations=39 (full 0):
 garbage-first heap   total 133120K, used 107212K [0x0000000700000000, 0x0000000800000000)
  region size 2048K, 17 young (34816K), 1 survivors (2048K)
 Metaspace       used 86354K, committed 87104K, reserved 1130496K
  class space    used 11623K, committed 11968K, reserved 1048576K
}
Event: 43.395 GC heap after
{Heap after GC invocations=40 (full 0):
 garbage-first heap   total 176128K, used 75685K [0x0000000700000000, 0x0000000800000000)
  region size 2048K, 2 young (4096K), 2 survivors (4096K)
 Metaspace       used 86354K, committed 87104K, reserved 1130496K
  class space    used 11623K, committed 11968K, reserved 1048576K
}
Event: 45.675 GC heap before
{Heap before GC invocations=41 (full 0):
 garbage-first heap   total 176128K, used 139173K [0x0000000700000000, 0x0000000800000000)
  region size 2048K, 33 young (67584K), 2 survivors (4096K)
 Metaspace       used 89217K, committed 89984K, reserved 1130496K
  class space    used 12000K, committed 12352K, reserved 1048576K
}
Event: 45.688 GC heap after
{Heap after GC invocations=42 (full 0):
 garbage-first heap   total 176128K, used 80942K [0x0000000700000000, 0x0000000800000000)
  region size 2048K, 5 young (10240K), 5 survivors (10240K)
 Metaspace       used 89217K, committed 89984K, reserved 1130496K
  class space    used 12000K, committed 12352K, reserved 1048576K
}
Event: 48.547 GC heap before
{Heap before GC invocations=42 (full 0):
 garbage-first heap   total 176128K, used 138286K [0x0000000700000000, 0x0000000800000000)
  region size 2048K, 33 young (67584K), 5 survivors (10240K)
 Metaspace       used 94251K, committed 95104K, reserved 1138688K
  class space    used 12874K, committed 13248K, reserved 1048576K
}
Event: 48.589 GC heap after
{Heap after GC invocations=43 (full 0):
 garbage-first heap   total 176128K, used 84904K [0x0000000700000000, 0x0000000800000000)
  region size 2048K, 2 young (4096K), 2 survivors (4096K)
 Metaspace       used 94251K, committed 95104K, reserved 1138688K
  class space    used 12874K, committed 13248K, reserved 1048576K
}
Event: 50.973 GC heap before
{Heap before GC invocations=43 (full 0):
 garbage-first heap   total 176128K, used 142248K [0x0000000700000000, 0x0000000800000000)
  region size 2048K, 30 young (61440K), 2 survivors (4096K)
 Metaspace       used 96159K, committed 97024K, reserved 1138688K
  class space    used 13138K, committed 13504K, reserved 1048576K
}
Event: 50.991 GC heap after
{Heap after GC invocations=44 (full 0):
 garbage-first heap   total 176128K, used 90971K [0x0000000700000000, 0x0000000800000000)
  region size 2048K, 4 young (8192K), 4 survivors (8192K)
 Metaspace       used 96159K, committed 97024K, reserved 1138688K
  class space    used 13138K, committed 13504K, reserved 1048576K
}
Event: 52.520 GC heap before
{Heap before GC invocations=45 (full 0):
 garbage-first heap   total 178176K, used 142171K [0x0000000700000000, 0x0000000800000000)
  region size 2048K, 29 young (59392K), 4 survivors (8192K)
 Metaspace       used 97609K, committed 98560K, reserved 1138688K
  class space    used 13367K, committed 13760K, reserved 1048576K
}
Event: 52.552 GC heap after
{Heap after GC invocations=46 (full 0):
 garbage-first heap   total 178176K, used 104136K [0x0000000700000000, 0x0000000800000000)
  region size 2048K, 4 young (8192K), 4 survivors (8192K)
 Metaspace       used 97609K, committed 98560K, reserved 1138688K
  class space    used 13367K, committed 13760K, reserved 1048576K
}
Event: 54.453 GC heap before
{Heap before GC invocations=46 (full 0):
 garbage-first heap   total 178176K, used 143048K [0x0000000700000000, 0x0000000800000000)
  region size 2048K, 24 young (49152K), 4 survivors (8192K)
 Metaspace       used 98044K, committed 99008K, reserved 1138688K
  class space    used 13425K, committed 13824K, reserved 1048576K
}
Event: 54.480 GC heap after
{Heap after GC invocations=47 (full 0):
 garbage-first heap   total 178176K, used 113674K [0x0000000700000000, 0x0000000800000000)
  region size 2048K, 3 young (6144K), 3 survivors (6144K)
 Metaspace       used 98044K, committed 99008K, reserved 1138688K
  class space    used 13425K, committed 13824K, reserved 1048576K
}

Dll operation events (2 events):
Event: 0.012 Loaded shared library C:\Program Files\Android\Android Studio\jbr\bin\java.dll
Event: 0.990 Loaded shared library C:\Program Files\Android\Android Studio\jbr\bin\verify.dll

Deoptimization events (20 events):
Event: 52.179 Thread 0x000001d7be6d96e0 DEOPT PACKING pc=0x000001d7a30a89dc sp=0x000000bc304f9080
Event: 52.179 Thread 0x000001d7be6d96e0 DEOPT UNPACKING pc=0x000001d7a96b7143 sp=0x000000bc304f85a0 mode 0
Event: 52.345 Thread 0x000001d7be6d96e0 DEOPT PACKING pc=0x000001d7a30a89dc sp=0x000000bc304f7b00
Event: 52.345 Thread 0x000001d7be6d96e0 DEOPT UNPACKING pc=0x000001d7a96b7143 sp=0x000000bc304f7020 mode 0
Event: 52.349 Thread 0x000001d7be6d96e0 DEOPT PACKING pc=0x000001d7a30a89dc sp=0x000000bc304f7690
Event: 52.349 Thread 0x000001d7be6d96e0 DEOPT UNPACKING pc=0x000001d7a96b7143 sp=0x000000bc304f6bb0 mode 0
Event: 52.433 Thread 0x000001d7be6d96e0 DEOPT PACKING pc=0x000001d7a30a89dc sp=0x000000bc304f9050
Event: 52.433 Thread 0x000001d7be6d96e0 DEOPT UNPACKING pc=0x000001d7a96b7143 sp=0x000000bc304f8570 mode 0
Event: 52.795 Thread 0x000001d7be6d96e0 DEOPT PACKING pc=0x000001d7a30a89dc sp=0x000000bc304f8140
Event: 52.795 Thread 0x000001d7be6d96e0 DEOPT UNPACKING pc=0x000001d7a96b7143 sp=0x000000bc304f7660 mode 0
Event: 52.803 Thread 0x000001d7be6d96e0 DEOPT PACKING pc=0x000001d7a30a89dc sp=0x000000bc304f7690
Event: 52.803 Thread 0x000001d7be6d96e0 DEOPT UNPACKING pc=0x000001d7a96b7143 sp=0x000000bc304f6bb0 mode 0
Event: 52.915 Thread 0x000001d7be6d96e0 DEOPT PACKING pc=0x000001d7a30a89dc sp=0x000000bc304f4850
Event: 52.915 Thread 0x000001d7be6d96e0 DEOPT UNPACKING pc=0x000001d7a96b7143 sp=0x000000bc304f3d70 mode 0
Event: 52.944 Thread 0x000001d7be6d96e0 DEOPT PACKING pc=0x000001d7a30a89dc sp=0x000000bc304f9050
Event: 52.944 Thread 0x000001d7be6d96e0 DEOPT UNPACKING pc=0x000001d7a96b7143 sp=0x000000bc304f8570 mode 0
Event: 52.967 Thread 0x000001d7be6d96e0 DEOPT PACKING pc=0x000001d7a30a89dc sp=0x000000bc304f9050
Event: 52.967 Thread 0x000001d7be6d96e0 DEOPT UNPACKING pc=0x000001d7a96b7143 sp=0x000000bc304f8570 mode 0
Event: 53.689 Thread 0x000001d7be6d96e0 DEOPT PACKING pc=0x000001d7a2548179 sp=0x000000bc304f8190
Event: 53.689 Thread 0x000001d7be6d96e0 DEOPT UNPACKING pc=0x000001d7a96b7143 sp=0x000000bc304f76c8 mode 0

Classes unloaded (14 events):
Event: 39.675 Thread 0x000001d7bce5e910 Unloading class 0x000000080098c000 '_BuildScript_$_run_closure1'
Event: 39.675 Thread 0x000001d7bce5e910 Unloading class 0x0000000800980800 '_BuildScript_'
Event: 51.245 Thread 0x000001d7bce5e910 Unloading class 0x0000000800bb3450 '_BuildScript_$_run_closure4'
Event: 51.245 Thread 0x000001d7bce5e910 Unloading class 0x0000000800bb3040 '_BuildScript_$_run_closure3'
Event: 51.245 Thread 0x000001d7bce5e910 Unloading class 0x0000000800bb2c30 '_BuildScript_$_run_closure2$_closure9$_closure11'
Event: 51.245 Thread 0x000001d7bce5e910 Unloading class 0x0000000800bb2820 '_BuildScript_$_run_closure2$_closure9'
Event: 51.245 Thread 0x000001d7bce5e910 Unloading class 0x0000000800bb2410 '_BuildScript_$_run_closure2$_closure8$_closure10'
Event: 51.245 Thread 0x000001d7bce5e910 Unloading class 0x0000000800bb2000 '_BuildScript_$_run_closure2$_closure8'
Event: 51.245 Thread 0x000001d7bce5e910 Unloading class 0x0000000800bb1820 '_BuildScript_$_run_closure2$_closure7'
Event: 51.245 Thread 0x000001d7bce5e910 Unloading class 0x0000000800bb1410 '_BuildScript_$_run_closure2$_closure6'
Event: 51.245 Thread 0x000001d7bce5e910 Unloading class 0x0000000800bb1000 '_BuildScript_$_run_closure2$_closure5'
Event: 51.245 Thread 0x000001d7bce5e910 Unloading class 0x0000000800bb0970 '_BuildScript_$_run_closure2'
Event: 51.245 Thread 0x000001d7bce5e910 Unloading class 0x0000000800bb0560 '_BuildScript_$_run_closure1'
Event: 51.245 Thread 0x000001d7bce5e910 Unloading class 0x0000000800bb0000 '_BuildScript_'

Classes redefined (0 events):
No events

Internal exceptions (20 events):
Event: 52.825 Thread 0x000001d7be6d96e0 Exception <a 'java/lang/ClassNotFoundException'{0x000000070bc088e8}: build_eqc15d7oad7a7wk7ckymtb8j9$_run_closure3BeanInfo> (0x000000070bc088e8) 
thrown [s\src\hotspot\share\classfile\systemDictionary.cpp, line 256]
Event: 52.826 Thread 0x000001d7be6d96e0 Exception <a 'java/lang/ClassNotFoundException'{0x000000070bc14b70}: build_eqc15d7oad7a7wk7ckymtb8j9$_run_closure3Customizer> (0x000000070bc14b70) 
thrown [s\src\hotspot\share\classfile\systemDictionary.cpp, line 256]
Event: 52.879 Thread 0x000001d7be6d96e0 Exception <a 'java/lang/ClassNotFoundException'{0x000000070bca1808}: user_agent_4u8d6dwcpud6lm3frjahew7jyBeanInfo> (0x000000070bca1808) 
thrown [s\src\hotspot\share\classfile\systemDictionary.cpp, line 256]
Event: 52.880 Thread 0x000001d7be6d96e0 Exception <a 'java/lang/ClassNotFoundException'{0x000000070bcad688}: user_agent_4u8d6dwcpud6lm3frjahew7jyCustomizer> (0x000000070bcad688) 
thrown [s\src\hotspot\share\classfile\systemDictionary.cpp, line 256]
Event: 53.084 Thread 0x000001d7be6d96e0 Exception <a 'java/lang/NoClassDefFoundError'{0x000000070bba90a8}: org/jetbrains/kotlin/gradle/plugin/KotlinBasePluginWrapper> (0x000000070bba90a8) 
thrown [s\src\hotspot\share\oops\constantPool.cpp, line 835]
Event: 53.161 Thread 0x000001d7be6d96e0 Exception <a 'java/lang/ClassNotFoundException'{0x000000070a077650}: build_9hjpy2xewuk02pzww6t4x77haBeanInfo> (0x000000070a077650) 
thrown [s\src\hotspot\share\classfile\systemDictionary.cpp, line 256]
Event: 53.170 Thread 0x000001d7be6d96e0 Exception <a 'java/lang/ClassNotFoundException'{0x000000070a07ded0}: build_9hjpy2xewuk02pzww6t4x77haCustomizer> (0x000000070a07ded0) 
thrown [s\src\hotspot\share\classfile\systemDictionary.cpp, line 256]
Event: 53.849 Thread 0x000001d7be6d96e0 Exception <a 'java/lang/ClassNotFoundException'{0x00000007090405d8}: build_9hjpy2xewuk02pzww6t4x77haBeanInfo> (0x00000007090405d8) 
thrown [s\src\hotspot\share\classfile\systemDictionary.cpp, line 256]
Event: 53.849 Thread 0x000001d7be6d96e0 Exception <a 'java/lang/ClassNotFoundException'{0x0000000709046df8}: build_9hjpy2xewuk02pzww6t4x77haCustomizer> (0x0000000709046df8) 
thrown [s\src\hotspot\share\classfile\systemDictionary.cpp, line 256]
Event: 54.232 Thread 0x000001d7be6d96e0 Exception <a 'java/lang/ClassNotFoundException'{0x00000007088a1ca8}: com/android/build/gradle/internal/dsl/TestOptions_DecoratedBeanInfo> (0x00000007088a1ca8) 
thrown [s\src\hotspot\share\classfile\systemDictionary.cpp, line 256]
Event: 54.233 Thread 0x000001d7be6d96e0 Exception <a 'java/lang/ClassNotFoundException'{0x00000007088b1ae0}: com/android/build/gradle/internal/dsl/TestOptionsBeanInfo> (0x00000007088b1ae0) 
thrown [s\src\hotspot\share\classfile\systemDictionary.cpp, line 256]
Event: 54.235 Thread 0x000001d7be6d96e0 Exception <a 'java/lang/ClassNotFoundException'{0x00000007088c1900}: com/android/build/gradle/internal/dsl/TestOptionsCustomizer> (0x00000007088c1900) 
thrown [s\src\hotspot\share\classfile\systemDictionary.cpp, line 256]
Event: 54.238 Thread 0x000001d7be6d96e0 Exception <a 'java/lang/ClassNotFoundException'{0x00000007088ed0f8}: com/android/build/gradle/internal/dsl/TestOptions_DecoratedCustomizer> (0x00000007088ed0f8) 
thrown [s\src\hotspot\share\classfile\systemDictionary.cpp, line 256]
Event: 54.247 Thread 0x000001d7be6d96e0 Exception <a 'java/lang/ClassNotFoundException'{0x000000070894a0f0}: com/android/build/gradle/internal/dsl/TestOptions$UnitTestOptions_DecoratedBeanInfo> (0x000000070894a0f0) 
thrown [s\src\hotspot\share\classfile\systemDictionary.cpp, line 256]
Event: 54.272 Thread 0x000001d7be6d96e0 Exception <a 'java/lang/ClassNotFoundException'{0x000000070895a0f0}: com/android/build/gradle/internal/dsl/TestOptions$UnitTestOptionsBeanInfo> (0x000000070895a0f0) 
thrown [s\src\hotspot\share\classfile\systemDictionary.cpp, line 256]
Event: 54.296 Thread 0x000001d7be6d96e0 Exception <a 'java/lang/ClassNotFoundException'{0x000000070896a1b0}: com/android/build/gradle/internal/dsl/TestOptions$UnitTestOptionsCustomizer> (0x000000070896a1b0) 
thrown [s\src\hotspot\share\classfile\systemDictionary.cpp, line 256]
Event: 54.304 Thread 0x000001d7be6d96e0 Exception <a 'java/lang/ClassNotFoundException'{0x0000000708981860}: com/android/build/gradle/internal/dsl/TestOptions$UnitTestOptions_DecoratedCustomizer> (0x0000000708981860) 
thrown [s\src\hotspot\share\classfile\systemDictionary.cpp, line 256]
Event: 54.527 Thread 0x000001d7be6d96e0 Exception <a 'java/lang/NoClassDefFoundError'{0x000000070fb00410}: org/jetbrains/kotlin/gradle/plugin/KotlinBasePluginWrapper> (0x000000070fb00410) 
thrown [s\src\hotspot\share\oops\constantPool.cpp, line 835]
Event: 54.558 Thread 0x000001d7be6d96e0 Exception <a 'java/lang/ClassNotFoundException'{0x000000070fbe4b50}: build_bzffc8h9nzoduhk8u9gqqdzz4BeanInfo> (0x000000070fbe4b50) 
thrown [s\src\hotspot\share\classfile\systemDictionary.cpp, line 256]
Event: 54.558 Thread 0x000001d7be6d96e0 Exception <a 'java/lang/ClassNotFoundException'{0x000000070fbeb3d0}: build_bzffc8h9nzoduhk8u9gqqdzz4Customizer> (0x000000070fbeb3d0) 
thrown [s\src\hotspot\share\classfile\systemDictionary.cpp, line 256]

VM Operations (20 events):
Event: 49.934 Executing VM operation: Cleanup done
Event: 50.475 Executing VM operation: HandshakeAllThreads
Event: 50.475 Executing VM operation: HandshakeAllThreads done
Event: 50.508 Executing VM operation: ICBufferFull
Event: 50.508 Executing VM operation: ICBufferFull done
Event: 50.973 Executing VM operation: G1CollectForAllocation
Event: 50.993 Executing VM operation: G1CollectForAllocation done
Event: 51.244 Executing VM operation: G1Concurrent
Event: 51.257 Executing VM operation: G1Concurrent done
Event: 51.361 Executing VM operation: G1Concurrent
Event: 51.362 Executing VM operation: G1Concurrent done
Event: 52.263 Executing VM operation: ICBufferFull
Event: 52.264 Executing VM operation: ICBufferFull done
Event: 52.520 Executing VM operation: G1CollectForAllocation
Event: 52.552 Executing VM operation: G1CollectForAllocation done
Event: 53.562 Executing VM operation: Cleanup
Event: 53.563 Executing VM operation: Cleanup done
Event: 54.453 Executing VM operation: G1CollectForAllocation
Event: 54.480 Executing VM operation: G1CollectForAllocation done
Event: 54.814 Executing VM operation: G1Concurrent

Events (20 events):
Event: 50.498 Thread 0x000001d7bd8b0090 flushing nmethod 0x000001d7a32d5810
Event: 50.498 Thread 0x000001d7bd8b0090 flushing nmethod 0x000001d7a32f4610
Event: 50.498 Thread 0x000001d7bd8b0090 flushing nmethod 0x000001d7a32fd990
Event: 50.499 Thread 0x000001d7bd8b0090 flushing nmethod 0x000001d7a33ddc10
Event: 51.294 loading class java/util/regex/PatternBeanInfo
Event: 51.294 loading class java/util/regex/PatternBeanInfo done
Event: 51.294 loading class java/util/regex/PatternBeanInfo
Event: 51.294 loading class java/util/regex/PatternBeanInfo done
Event: 51.294 loading class java/util/regex/PatternCustomizer
Event: 51.294 loading class java/util/regex/PatternCustomizer done
Event: 51.295 loading class java/util/regex/PatternCustomizer
Event: 51.295 loading class java/util/regex/PatternCustomizer done
Event: 51.300 loading class java/util/regex/MatcherBeanInfo
Event: 51.300 loading class java/util/regex/MatcherBeanInfo done
Event: 51.300 loading class java/util/regex/MatcherBeanInfo
Event: 51.300 loading class java/util/regex/MatcherBeanInfo done
Event: 51.300 loading class java/util/regex/MatcherCustomizer
Event: 51.300 loading class java/util/regex/MatcherCustomizer done
Event: 51.301 loading class java/util/regex/MatcherCustomizer
Event: 51.301 loading class java/util/regex/MatcherCustomizer done


Dynamic libraries:
0x00007ff70f4f0000 - 0x00007ff70f4fa000 	C:\Program Files\Android\Android Studio\jbr\bin\java.exe
0x00007fff055d0000 - 0x00007fff057e7000 	C:\WINDOWS\SYSTEM32\ntdll.dll
0x00007fff044b0000 - 0x00007fff04574000 	C:\WINDOWS\System32\KERNEL32.DLL
0x00007fff02eb0000 - 0x00007fff0325d000 	C:\WINDOWS\System32\KERNELBASE.dll
0x00007fff02d60000 - 0x00007fff02e71000 	C:\WINDOWS\System32\ucrtbase.dll
0x00007ffeea9e0000 - 0x00007ffeea9f7000 	C:\Program Files\Android\Android Studio\jbr\bin\jli.dll
0x00007fff04dc0000 - 0x00007fff04f6e000 	C:\WINDOWS\System32\USER32.dll
0x00007fff028f0000 - 0x00007fff02916000 	C:\WINDOWS\System32\win32u.dll
0x00007fff04ff0000 - 0x00007fff05019000 	C:\WINDOWS\System32\GDI32.dll
0x00007fff029e0000 - 0x00007fff02af9000 	C:\WINDOWS\System32\gdi32full.dll
0x00007fff03260000 - 0x00007fff032fa000 	C:\WINDOWS\System32\msvcp_win.dll
0x00007ffeea630000 - 0x00007ffeea64b000 	C:\Program Files\Android\Android Studio\jbr\bin\VCRUNTIME140.dll
0x00007ffeea240000 - 0x00007ffeea4d3000 	C:\WINDOWS\WinSxS\amd64_microsoft.windows.common-controls_6595b64144ccf1df_6.0.22621.3672_none_2713b9d173822955\COMCTL32.dll
0x00007fff04740000 - 0x00007fff047e7000 	C:\WINDOWS\System32\msvcrt.dll
0x00007fff050d0000 - 0x00007fff05101000 	C:\WINDOWS\System32\IMM32.DLL
0x00007ffeffb40000 - 0x00007ffeffb4c000 	C:\Program Files\Android\Android Studio\jbr\bin\vcruntime140_1.dll
0x00007ffedb7a0000 - 0x00007ffedb82d000 	C:\Program Files\Android\Android Studio\jbr\bin\msvcp140.dll
0x00007ffe91ed0000 - 0x00007ffe92b3e000 	C:\Program Files\Android\Android Studio\jbr\bin\server\jvm.dll
0x00007fff03ff0000 - 0x00007fff040a2000 	C:\WINDOWS\System32\ADVAPI32.dll
0x00007fff047f0000 - 0x00007fff04899000 	C:\WINDOWS\System32\sechost.dll
0x00007fff02e80000 - 0x00007fff02ea8000 	C:\WINDOWS\System32\bcrypt.dll
0x00007fff03330000 - 0x00007fff03444000 	C:\WINDOWS\System32\RPCRT4.dll
0x00007ffee7670000 - 0x00007ffee7679000 	C:\WINDOWS\SYSTEM32\WSOCK32.dll
0x00007ffef3c20000 - 0x00007ffef3c54000 	C:\WINDOWS\SYSTEM32\WINMM.dll
0x00007ffeff3f0000 - 0x00007ffeff3fa000 	C:\WINDOWS\SYSTEM32\VERSION.dll
0x00007fff04f70000 - 0x00007fff04fe1000 	C:\WINDOWS\System32\WS2_32.dll
0x00007fff01920000 - 0x00007fff01938000 	C:\WINDOWS\SYSTEM32\kernel.appcore.dll
0x00007ffefee90000 - 0x00007ffefee9a000 	C:\Program Files\Android\Android Studio\jbr\bin\jimage.dll
0x00007ffef3f40000 - 0x00007ffef4172000 	C:\WINDOWS\SYSTEM32\DBGHELP.DLL
0x00007fff040c0000 - 0x00007fff0444d000 	C:\WINDOWS\System32\combase.dll
0x00007fff048a0000 - 0x00007fff04977000 	C:\WINDOWS\System32\OLEAUT32.dll
0x00007ffedcec0000 - 0x00007ffedcef2000 	C:\WINDOWS\SYSTEM32\dbgcore.DLL
0x00007fff02ce0000 - 0x00007fff02d5b000 	C:\WINDOWS\System32\bcryptPrimitives.dll
0x00007ffeeaa00000 - 0x00007ffeeaa25000 	C:\Program Files\Android\Android Studio\jbr\bin\java.dll
0x00007ffef4460000 - 0x00007ffef4478000 	C:\Program Files\Android\Android Studio\jbr\bin\zip.dll
0x00007fff03780000 - 0x00007fff03fe8000 	C:\WINDOWS\System32\SHELL32.dll
0x00007fff00840000 - 0x00007fff0113e000 	C:\WINDOWS\SYSTEM32\windows.storage.dll
0x00007fff00700000 - 0x00007fff0083f000 	C:\WINDOWS\SYSTEM32\wintypes.dll
0x00007fff04980000 - 0x00007fff04a79000 	C:\WINDOWS\System32\SHCORE.dll
0x00007fff04450000 - 0x00007fff044ae000 	C:\WINDOWS\System32\shlwapi.dll
0x00007fff02820000 - 0x00007fff02841000 	C:\WINDOWS\SYSTEM32\profapi.dll
0x00007ffef1450000 - 0x00007ffef1469000 	C:\Program Files\Android\Android Studio\jbr\bin\net.dll
0x00007ffeff290000 - 0x00007ffeff3c6000 	C:\WINDOWS\SYSTEM32\WINHTTP.dll
0x00007fff01d90000 - 0x00007fff01df9000 	C:\WINDOWS\system32\mswsock.dll
0x00007ffeeb780000 - 0x00007ffeeb796000 	C:\Program Files\Android\Android Studio\jbr\bin\nio.dll
0x00007ffefd390000 - 0x00007ffefd3a0000 	C:\Program Files\Android\Android Studio\jbr\bin\verify.dll
0x00007ffeea500000 - 0x00007ffeea527000 	C:\Users\Youssef\.gradle\native\e1d6ef7f7dcc3fd88c89a11ec53ec762bb8ba0a96d01ffa2cd45eb1d1d8dd5c5\windows-amd64\native-platform.dll
0x00007ffebbcf0000 - 0x00007ffebbe34000 	C:\Users\Youssef\.gradle\native\0d407fdbe67a94daf76414ababcb853783967236a71b16ec16e742cd7a986fd3\windows-amd64\native-platform-file-events.dll
0x00007ffefd2c0000 - 0x00007ffefd2c9000 	C:\Program Files\Android\Android Studio\jbr\bin\management.dll
0x00007ffefd210000 - 0x00007ffefd21b000 	C:\Program Files\Android\Android Studio\jbr\bin\management_ext.dll
0x00007fff040b0000 - 0x00007fff040b8000 	C:\WINDOWS\System32\PSAPI.DLL
0x00007fff01ff0000 - 0x00007fff0200b000 	C:\WINDOWS\SYSTEM32\CRYPTSP.dll
0x00007fff01880000 - 0x00007fff018b5000 	C:\WINDOWS\system32\rsaenh.dll
0x00007fff01e90000 - 0x00007fff01eb8000 	C:\WINDOWS\SYSTEM32\USERENV.dll
0x00007fff02010000 - 0x00007fff0201c000 	C:\WINDOWS\SYSTEM32\CRYPTBASE.dll
0x00007fff013e0000 - 0x00007fff0140d000 	C:\WINDOWS\SYSTEM32\IPHLPAPI.DLL
0x00007fff03300000 - 0x00007fff03309000 	C:\WINDOWS\System32\NSI.dll
0x00007ffeff400000 - 0x00007ffeff419000 	C:\WINDOWS\SYSTEM32\dhcpcsvc6.DLL
0x00007ffeff0b0000 - 0x00007ffeff0cf000 	C:\WINDOWS\SYSTEM32\dhcpcsvc.DLL
0x00007fff01410000 - 0x00007fff01508000 	C:\WINDOWS\SYSTEM32\DNSAPI.dll
0x00007ffef45b0000 - 0x00007ffef45b8000 	C:\WINDOWS\system32\wshunix.dll

dbghelp: loaded successfully - version: 4.0.5 - missing functions: none
symbol engine: initialized successfully - sym options: 0x614 - pdb path: .;C:\Program Files\Android\Android Studio\jbr\bin;C:\WINDOWS\SYSTEM32;C:\WINDOWS\WinSxS\amd64_microsoft.windows.common-controls_6595b64144ccf1df_6.0.22621.3672_none_2713b9d173822955;C:\Program Files\Android\Android Studio\jbr\bin\server;C:\Users\Youssef\.gradle\native\e1d6ef7f7dcc3fd88c89a11ec53ec762bb8ba0a96d01ffa2cd45eb1d1d8dd5c5\windows-amd64;C:\Users\Youssef\.gradle\native\0d407fdbe67a94daf76414ababcb853783967236a71b16ec16e742cd7a986fd3\windows-amd64

VM Arguments:
jvm_args: --add-opens=java.base/java.util=ALL-UNNAMED --add-opens=java.base/java.lang=ALL-UNNAMED --add-opens=java.base/java.lang.invoke=ALL-UNNAMED --add-opens=java.base/java.util=ALL-UNNAMED --add-opens=java.prefs/java.util.prefs=ALL-UNNAMED --add-opens=java.prefs/java.util.prefs=ALL-UNNAMED --add-opens=java.base/java.nio.charset=ALL-UNNAMED --add-opens=java.base/java.net=ALL-UNNAMED --add-opens=java.base/java.util.concurrent.atomic=ALL-UNNAMED -Xmx4096m -Dfile.encoding=windows-1252 -Duser.country=US -Duser.language=en -Duser.variant 
java_command: org.gradle.launcher.daemon.bootstrap.GradleDaemon 7.5
java_class_path (initial): C:\Users\Youssef\.gradle\wrapper\dists\gradle-7.5-all\6qsw290k5lz422uaf8jf6m7co\gradle-7.5\lib\gradle-launcher-7.5.jar
Launcher Type: SUN_STANDARD

[Global flags]
     intx CICompilerCount                          = 3                                         {product} {ergonomic}
     uint ConcGCThreads                            = 1                                         {product} {ergonomic}
     uint G1ConcRefinementThreads                  = 4                                         {product} {ergonomic}
   size_t G1HeapRegionSize                         = 2097152                                   {product} {ergonomic}
    uintx GCDrainStackTargetSize                   = 64                                        {product} {ergonomic}
   size_t InitialHeapSize                          = 264241152                                 {product} {ergonomic}
   size_t MarkStackSize                            = 4194304                                   {product} {ergonomic}
   size_t MaxHeapSize                              = 4294967296                                {product} {command line}
   size_t MaxNewSize                               = 2575302656                                {product} {ergonomic}
   size_t MinHeapDeltaBytes                        = 2097152                                   {product} {ergonomic}
   size_t MinHeapSize                              = 8388608                                   {product} {ergonomic}
    uintx NonNMethodCodeHeapSize                   = 5832780                                {pd product} {ergonomic}
    uintx NonProfiledCodeHeapSize                  = 122912730                              {pd product} {ergonomic}
    uintx ProfiledCodeHeapSize                     = 122912730                              {pd product} {ergonomic}
    uintx ReservedCodeCacheSize                    = 251658240                              {pd product} {ergonomic}
     bool SegmentedCodeCache                       = true                                      {product} {ergonomic}
   size_t SoftMaxHeapSize                          = 4294967296                             {manageable} {ergonomic}
     bool UseCompressedClassPointers               = true                           {product lp64_product} {ergonomic}
     bool UseCompressedOops                        = true                           {product lp64_product} {ergonomic}
     bool UseG1GC                                  = true                                      {product} {ergonomic}
     bool UseLargePagesIndividualAllocation        = false                                  {pd product} {ergonomic}

Logging:
Log output configuration:
 #0: stdout all=warning uptime,level,tags
 #1: stderr all=off uptime,level,tags

Environment Variables:
JAVA_HOME=C:\Program Files\Android\Android Studio\jbr
CLASSPATH=D:\Flutter projects\transporter\android\\gradle\wrapper\gradle-wrapper.jar
PATH=C:\Program Files\Android\Android Studio\jbr\bin;C:\Python312\Scripts\;C:\Python312\;C:\Program Files\Common Files\Oracle\Java\javapath;C:\Program Files (x86)\Common Files\Oracle\Java\java8path;C:\Program Files (x86)\Common Files\Oracle\Java\javapath;C:\Program Files (x86)\NVIDIA Corporation\PhysX\Common;C:\WINDOWS\system32;C:\WINDOWS;C:\WINDOWS\System32\Wbem;C:\WINDOWS\System32\WindowsPowerShell\v1.0\;C:\WINDOWS\System32\OpenSSH\;C:\Program Files\dotnet\;C:\Program Files\Git\cmd;C:\Program Files\Java\jdk-19\bin;C:\gradle-8.2\bin;C:\Program Files\nodejs\;C:\ProgramData\chocolatey\bin;C:\nuget;C:\Users\Youssef\AppData\Local\Microsoft\WindowsApps;D:\programing\flutter\bin;D:\programing\dart\bin;C:\Users\Youssef\AppData\Local\GitHubDesktop\bin;C:\Program Files\Java\jdk-19\bin;C:\gradle-8.2\bin;C:\Users\Youssef\AppData\Local\Programs\Microsoft VS Code\bin;C:\Users\Youssef\AppData\Local\Pub\Cache\bin;C:\\Users\\Youssef\\.cache\\firebase\\tools\\lib\\node_modules\\registry-auth-token\\index.js;C:\\Users\\Youssef\\.cache\\firebase\\tools\\lib\\node_modules\\update-notifier-cjs\\vendor\\package-json\\index.js;C:\\Users\\Youssef\\.cache\\firebase\\tools\\lib\\node_modules\\update-notifier-cjs\\vendor\\latest-version\\index.;C:\\Users\\Youssef\\.cache\\firebase\\tools\\lib\\node_modules\\update-notifier-cjs\\vendor\\latest-version\\index.js;C:\\Users\\Youssef\\.cache\\firebase\\tools\\lib\\node_modules\\update-notifier-cjs\\index.js;C:\\Users\\Youssef\\.cache\\firebase\\tools\\lib\\node_modules\\firebase-tools\\lib\\bin\\firebase.js;C:\Users\Youssef\AppData\Roaming\npm;C:\Users\Youssef\.dotnet\tools;C:\nuget;;D:\programing\flutter\bin\mingit\cmd
USERNAME=Youssef
OS=Windows_NT
PROCESSOR_IDENTIFIER=Intel64 Family 6 Model 78 Stepping 3, GenuineIntel
TMP=C:\Users\Youssef\AppData\Local\Temp
TEMP=C:\Users\Youssef\AppData\Local\Temp


JNI global refs:
JNI global refs: 24, weak refs: 14

JNI global refs memory usage: 843, weak refs: 841


---------------  S Y S T E M  ---------------

OS:
 Windows 11 , 64 bit Build 22621 (10.0.22621.3958)
OS uptime: 0 days 4:25 hours

CPU: total 4 (initial active 4) (2 cores per cpu, 2 threads per core) family 6 model 78 stepping 3 microcode 0xd6, cx8, cmov, fxsr, ht, mmx, 3dnowpref, sse, sse2, sse3, ssse3, sse4.1, sse4.2, popcnt, lzcnt, tsc, tscinvbit, avx, avx2, aes, erms, clmul, bmi1, bmi2, rtm, adx, fma, vzeroupper, clflush, clflushopt

Memory: 4k page, system-wide physical 16065M (239M free)
TotalPageFile size 18113M (AvailPageFile size 21M)
current process WorkingSet (physical memory assigned to process): 437M, peak: 438M
current process commit charge ("private bytes"): 467M, peak: 491M

vm_info: OpenJDK 64-Bit Server VM (17.0.6+0-b2043.56-10027231) for windows-amd64 JRE (17.0.6+0-b2043.56-10027231), built on Apr 28 2023 00:43:19 by "androidbuild" with MS VC++ 16.10 / 16.11 (VS2019)

END.
